<?xml version="1.0" encoding="UTF-8"?>
<!-- Generated by org.testng.reporters.JUnitXMLReporter -->
<testsuite ignored="0" hostname="DESKTOP-K42ITB2" failures="0" tests="4" name="Default test" time="55.337" errors="0" timestamp="2023-02-26T19:19:08 IST">
  <testcase classname="com.bank_3k.qa.testcasses.LoginsTest" name="validLoginTest" time="3.604"/>
  <testcase classname="com.bank_3k.qa.testcasses.LoginsTest" name="invalidUseridLoginTest" time="1.71"/>
  <testcase classname="com.bank_3k.qa.testcasses.LoginsTest" name="invalidPasswordLoginTest" time="1.725"/>
  <testcase classname="com.bank_3k.qa.testcasses.LoginsTest" name="invalidLoginTest" time="1.301"/>
</testsuite> <!-- Default test -->
