<?xml version="1.0" encoding="UTF-8"?>
<testng-results ignored="0" total="1" passed="1" failed="0" skipped="0">
  <reporter-output>
  </reporter-output>
  <suite started-at="2023-02-25T16:49:30 IST" name="Default suite" finished-at="2023-02-25T16:50:05 IST" duration-ms="35068">
    <groups>
    </groups>
    <test started-at="2023-02-25T16:49:30 IST" name="Default test" finished-at="2023-02-25T16:50:05 IST" duration-ms="35068">
      <class name="com.bank_3k.qa.testcasses.verifyHomePageTest">
        <test-method is-config="true" signature="setup()[pri:0, instance:com.bank_3k.qa.testcasses.verifyHomePageTest@3d680b5a]" started-at="2023-02-25T16:49:30 IST" name="setup" finished-at="2023-02-25T16:50:02 IST" duration-ms="32166" status="PASS">
          <reporter-output>
          </reporter-output>
        </test-method> <!-- setup -->
        <test-method signature="verifyHomepageTitleTest()[pri:0, instance:com.bank_3k.qa.testcasses.verifyHomePageTest@3d680b5a]" started-at="2023-02-25T16:50:02 IST" name="verifyHomepageTitleTest" finished-at="2023-02-25T16:50:02 IST" duration-ms="27" status="PASS">
          <reporter-output>
          </reporter-output>
        </test-method> <!-- verifyHomepageTitleTest -->
        <test-method is-config="true" signature="teardown()[pri:0, instance:com.bank_3k.qa.testcasses.verifyHomePageTest@3d680b5a]" started-at="2023-02-25T16:50:02 IST" name="teardown" finished-at="2023-02-25T16:50:05 IST" duration-ms="2797" status="PASS">
          <reporter-output>
          </reporter-output>
        </test-method> <!-- teardown -->
      </class> <!-- com.bank_3k.qa.testcasses.verifyHomePageTest -->
    </test> <!-- Default test -->
  </suite> <!-- Default suite -->
</testng-results>
